actionid: tox
msg: packaging
cmdargs: ['/Users/benji/virtualenvs/ecs/bin/python', local('/Users/benji/cuttlesoft/ecs-deploy.py/setup.py'), 'sdist', '--formats=zip', '--dist-dir', local('/Users/benji/cuttlesoft/ecs-deploy.py/.tox/dist')]
env: None

running sdist
running egg_info
writing UNKNOWN.egg-info/PKG-INFO
writing top-level names to UNKNOWN.egg-info/top_level.txt
writing dependency_links to UNKNOWN.egg-info/dependency_links.txt
reading manifest file 'UNKNOWN.egg-info/SOURCES.txt'
writing manifest file 'UNKNOWN.egg-info/SOURCES.txt'
warning: sdist: standard file not found: should have one of README, README.rst, README.txt

running check
warning: check: missing required meta-data: name, url

warning: check: missing meta-data: either (author and author_email) or (maintainer and maintainer_email) must be supplied

creating UNKNOWN-0.0.0
creating UNKNOWN-0.0.0/UNKNOWN.egg-info
copying files to UNKNOWN-0.0.0...
copying setup.py -> UNKNOWN-0.0.0
copying UNKNOWN.egg-info/PKG-INFO -> UNKNOWN-0.0.0/UNKNOWN.egg-info
copying UNKNOWN.egg-info/SOURCES.txt -> UNKNOWN-0.0.0/UNKNOWN.egg-info
copying UNKNOWN.egg-info/dependency_links.txt -> UNKNOWN-0.0.0/UNKNOWN.egg-info
copying UNKNOWN.egg-info/top_level.txt -> UNKNOWN-0.0.0/UNKNOWN.egg-info
Writing UNKNOWN-0.0.0/setup.cfg
creating '.tox/dist/UNKNOWN-0.0.0.zip' and adding 'UNKNOWN-0.0.0' to it
adding 'UNKNOWN-0.0.0/PKG-INFO'
adding 'UNKNOWN-0.0.0/setup.cfg'
adding 'UNKNOWN-0.0.0/setup.py'
adding 'UNKNOWN-0.0.0/UNKNOWN.egg-info/dependency_links.txt'
adding 'UNKNOWN-0.0.0/UNKNOWN.egg-info/PKG-INFO'
adding 'UNKNOWN-0.0.0/UNKNOWN.egg-info/SOURCES.txt'
adding 'UNKNOWN-0.0.0/UNKNOWN.egg-info/top_level.txt'
removing 'UNKNOWN-0.0.0' (and everything under it)
